[0.009s] Invoking command in '/home/rhys/ros2_ws/src/car_junction/build/car_junction': /usr/bin/cmake /home/rhys/ros2_ws/src/car_junction -DCMAKE_INSTALL_PREFIX=/home/rhys/ros2_ws/src/car_junction/install/car_junction
[0.053s] -- The C compiler identification is GNU 11.4.0
[0.093s] -- The CXX compiler identification is GNU 11.4.0
[0.098s] -- Detecting C compiler ABI info
[0.155s] -- Detecting C compiler ABI info - done
[0.160s] -- Check for working C compiler: /usr/bin/cc - skipped
[0.160s] -- Detecting C compile features
[0.161s] -- Detecting C compile features - done
[0.163s] -- Detecting CXX compiler ABI info
[0.227s] -- Detecting CXX compiler ABI info - done
[0.232s] -- Check for working CXX compiler: /usr/bin/c++ - skipped
[0.232s] -- Detecting CXX compile features
[0.233s] -- Detecting CXX compile features - done
[0.233s] -- Configuring done
[0.234s] -- Generating done
[0.234s] -- Build files have been written to: /home/rhys/ros2_ws/src/car_junction/build/car_junction
[0.237s] Invoked command in '/home/rhys/ros2_ws/src/car_junction/build/car_junction' returned '0': /usr/bin/cmake /home/rhys/ros2_ws/src/car_junction -DCMAKE_INSTALL_PREFIX=/home/rhys/ros2_ws/src/car_junction/install/car_junction
[0.239s] Invoking command in '/home/rhys/ros2_ws/src/car_junction/build/car_junction': /usr/bin/cmake --build /home/rhys/ros2_ws/src/car_junction/build/car_junction -- -j16 -l16
[0.270s] Invoked command in '/home/rhys/ros2_ws/src/car_junction/build/car_junction' returned '0': /usr/bin/cmake --build /home/rhys/ros2_ws/src/car_junction/build/car_junction -- -j16 -l16
[0.296s] Invoking command in '/home/rhys/ros2_ws/src/car_junction/build/car_junction': /usr/bin/cmake --install /home/rhys/ros2_ws/src/car_junction/build/car_junction
[0.303s] -- Install configuration: ""
[0.303s] [31mCMake Error at cmake_install.cmake:46 (file):
[0.303s]   file INSTALL cannot find "/home/rhys/ros2_ws/src/car_junction/worlds": No
[0.303s]   such file or directory.
[0.303s] 
[0.303s] [0m
[0.304s] Invoked command in '/home/rhys/ros2_ws/src/car_junction/build/car_junction' returned '1': /usr/bin/cmake --install /home/rhys/ros2_ws/src/car_junction/build/car_junction
