[35m[1mConsolidate compiler generated dependencies of target lastTask[0m
[ 25%] [32mBuilding CXX object CMakeFiles/imageOverlay.dir/src/imageOverlay.cpp.o[0m
[ 75%] Built target lastTask
[100%] [32m[1mLinking CXX executable imageOverlay[0m
[100%] Built target imageOverlay
-- Install configuration: ""
-- Installing: /home/rhys/ros2_ws/src/tut9/install/tut9/lib/tut9/imageOverlay
-- Set runtime path of "/home/rhys/ros2_ws/src/tut9/install/tut9/lib/tut9/imageOverlay" to ""
-- Up-to-date: /home/rhys/ros2_ws/src/tut9/install/tut9/lib/tut9/lastTask
-- Up-to-date: /home/rhys/ros2_ws/src/tut9/install/tut9/share/ament_index/resource_index/package_run_dependencies/tut9
-- Up-to-date: /home/rhys/ros2_ws/src/tut9/install/tut9/share/ament_index/resource_index/parent_prefix_path/tut9
-- Up-to-date: /home/rhys/ros2_ws/src/tut9/install/tut9/share/tut9/environment/ament_prefix_path.sh
-- Up-to-date: /home/rhys/ros2_ws/src/tut9/install/tut9/share/tut9/environment/ament_prefix_path.dsv
-- Up-to-date: /home/rhys/ros2_ws/src/tut9/install/tut9/share/tut9/environment/path.sh
-- Up-to-date: /home/rhys/ros2_ws/src/tut9/install/tut9/share/tut9/environment/path.dsv
-- Up-to-date: /home/rhys/ros2_ws/src/tut9/install/tut9/share/tut9/local_setup.bash
-- Up-to-date: /home/rhys/ros2_ws/src/tut9/install/tut9/share/tut9/local_setup.sh
-- Up-to-date: /home/rhys/ros2_ws/src/tut9/install/tut9/share/tut9/local_setup.zsh
-- Up-to-date: /home/rhys/ros2_ws/src/tut9/install/tut9/share/tut9/local_setup.dsv
-- Installing: /home/rhys/ros2_ws/src/tut9/install/tut9/share/tut9/package.dsv
-- Up-to-date: /home/rhys/ros2_ws/src/tut9/install/tut9/share/ament_index/resource_index/packages/tut9
-- Up-to-date: /home/rhys/ros2_ws/src/tut9/install/tut9/share/tut9/cmake/tut9Config.cmake
-- Up-to-date: /home/rhys/ros2_ws/src/tut9/install/tut9/share/tut9/cmake/tut9Config-version.cmake
-- Up-to-date: /home/rhys/ros2_ws/src/tut9/install/tut9/share/tut9/package.xml
