[0.140s] DEBUG:colcon:Command line arguments: ['/usr/bin/colcon', 'build', '--packages-select', 'tut9']
[0.140s] DEBUG:colcon:Parsed command line arguments: Namespace(log_base=None, log_level=None, verb_name='build', build_base='build', install_base='install', merge_install=False, symlink_install=False, test_result_base=None, continue_on_error=False, executor='parallel', parallel_workers=16, event_handlers=None, ignore_user_meta=False, metas=['./colcon.meta'], base_paths=['.'], packages_ignore=None, packages_ignore_regex=None, paths=None, packages_up_to=None, packages_up_to_regex=None, packages_above=None, packages_above_and_dependencies=None, packages_above_depth=None, packages_select_by_dep=None, packages_skip_by_dep=None, packages_skip_up_to=None, packages_select_build_failed=False, packages_skip_build_finished=False, packages_select_test_failures=False, packages_skip_test_passed=False, packages_select=['tut9'], packages_skip=None, packages_select_regex=None, packages_skip_regex=None, packages_start=None, packages_end=None, allow_overriding=[], cmake_args=None, cmake_target=None, cmake_target_skip_unavailable=False, cmake_clean_cache=False, cmake_clean_first=False, cmake_force_configure=False, ament_cmake_args=None, catkin_cmake_args=None, catkin_skip_building_tests=False, mixin_files=None, mixin=None, verb_parser=<colcon_mixin.mixin.mixin_argument.MixinArgumentDecorator object at 0x74c38527c100>, verb_extension=<colcon_core.verb.build.BuildVerb object at 0x74c3853e90c0>, main=<bound method BuildVerb.main of <colcon_core.verb.build.BuildVerb object at 0x74c3853e90c0>>, mixin_verb=('build',))
[0.367s] Level 1:colcon.colcon_core.package_discovery:discover_packages(colcon_meta) check parameters
[0.368s] Level 1:colcon.colcon_core.package_discovery:discover_packages(recursive) check parameters
[0.368s] Level 1:colcon.colcon_core.package_discovery:discover_packages(ignore) check parameters
[0.368s] Level 1:colcon.colcon_core.package_discovery:discover_packages(path) check parameters
[0.368s] Level 1:colcon.colcon_core.package_discovery:discover_packages(colcon_meta) discover
[0.368s] Level 1:colcon.colcon_core.package_discovery:discover_packages(recursive) discover
[0.368s] INFO:colcon.colcon_core.package_discovery:Crawling recursively for packages in '/home/rhys/ros2_ws/src/tut9'
[0.368s] Level 1:colcon.colcon_core.package_identification:_identify(.) by extensions ['ignore', 'ignore_ament_install']
[0.368s] Level 1:colcon.colcon_core.package_identification:_identify(.) by extension 'ignore'
[0.368s] Level 1:colcon.colcon_core.package_identification:_identify(.) by extension 'ignore_ament_install'
[0.368s] Level 1:colcon.colcon_core.package_identification:_identify(.) by extensions ['colcon_pkg']
[0.368s] Level 1:colcon.colcon_core.package_identification:_identify(.) by extension 'colcon_pkg'
[0.368s] Level 1:colcon.colcon_core.package_identification:_identify(.) by extensions ['colcon_meta']
[0.368s] Level 1:colcon.colcon_core.package_identification:_identify(.) by extension 'colcon_meta'
[0.368s] Level 1:colcon.colcon_core.package_identification:_identify(.) by extensions ['ros']
[0.368s] Level 1:colcon.colcon_core.package_identification:_identify(.) by extension 'ros'
[0.414s] DEBUG:colcon.colcon_core.package_identification:Package '.' with type 'ros.ament_cmake' and name 'tut9'
[0.414s] Level 1:colcon.colcon_core.package_discovery:discover_packages(recursive) using defaults
[0.414s] Level 1:colcon.colcon_core.package_discovery:discover_packages(ignore) discover
[0.414s] Level 1:colcon.colcon_core.package_discovery:discover_packages(ignore) using defaults
[0.414s] Level 1:colcon.colcon_core.package_discovery:discover_packages(path) discover
[0.414s] Level 1:colcon.colcon_core.package_discovery:discover_packages(path) using defaults
[0.437s] Level 1:colcon.colcon_core.package_discovery:discover_packages(prefix_path) check parameters
[0.437s] Level 1:colcon.colcon_core.package_discovery:discover_packages(prefix_path) discover
[0.440s] DEBUG:colcon.colcon_installed_package_information.package_discovery:Found 1 installed packages in /home/rhys/ros2_ws/src/tut9/install
[0.441s] DEBUG:colcon.colcon_installed_package_information.package_discovery:Found 24 installed packages in /home/rhys/ros2_ws/install
[0.442s] DEBUG:colcon.colcon_installed_package_information.package_discovery:Found 3 installed packages in /home/rhys/install
[0.443s] DEBUG:colcon.colcon_installed_package_information.package_discovery:Found 8 installed packages in /home/rhys/ros2_ws/src/install
[0.445s] DEBUG:colcon.colcon_installed_package_information.package_discovery:Found 409 installed packages in /opt/ros/humble
[0.448s] Level 1:colcon.colcon_core.package_discovery:discover_packages(prefix_path) using defaults
[0.510s] Level 5:colcon.colcon_core.verb:set package 'tut9' build argument 'cmake_args' from command line to 'None'
[0.510s] Level 5:colcon.colcon_core.verb:set package 'tut9' build argument 'cmake_target' from command line to 'None'
[0.510s] Level 5:colcon.colcon_core.verb:set package 'tut9' build argument 'cmake_target_skip_unavailable' from command line to 'False'
[0.510s] Level 5:colcon.colcon_core.verb:set package 'tut9' build argument 'cmake_clean_cache' from command line to 'False'
[0.510s] Level 5:colcon.colcon_core.verb:set package 'tut9' build argument 'cmake_clean_first' from command line to 'False'
[0.510s] Level 5:colcon.colcon_core.verb:set package 'tut9' build argument 'cmake_force_configure' from command line to 'False'
[0.510s] Level 5:colcon.colcon_core.verb:set package 'tut9' build argument 'ament_cmake_args' from command line to 'None'
[0.510s] Level 5:colcon.colcon_core.verb:set package 'tut9' build argument 'catkin_cmake_args' from command line to 'None'
[0.510s] Level 5:colcon.colcon_core.verb:set package 'tut9' build argument 'catkin_skip_building_tests' from command line to 'False'
[0.511s] DEBUG:colcon.colcon_core.verb:Building package 'tut9' with the following arguments: {'ament_cmake_args': None, 'build_base': '/home/rhys/ros2_ws/src/tut9/build/tut9', 'catkin_cmake_args': None, 'catkin_skip_building_tests': False, 'cmake_args': None, 'cmake_clean_cache': False, 'cmake_clean_first': False, 'cmake_force_configure': False, 'cmake_target': None, 'cmake_target_skip_unavailable': False, 'install_base': '/home/rhys/ros2_ws/src/tut9/install/tut9', 'merge_install': False, 'path': '/home/rhys/ros2_ws/src/tut9', 'symlink_install': False, 'test_result_base': None}
[0.511s] INFO:colcon.colcon_core.executor:Executing jobs using 'parallel' executor
[0.512s] DEBUG:colcon.colcon_parallel_executor.executor.parallel:run_until_complete
[0.512s] INFO:colcon.colcon_ros.task.ament_cmake.build:Building ROS package in '/home/rhys/ros2_ws/src/tut9' with build type 'ament_cmake'
[0.512s] INFO:colcon.colcon_cmake.task.cmake.build:Building CMake package in '/home/rhys/ros2_ws/src/tut9'
[0.515s] INFO:colcon.colcon_core.plugin_system:Skipping extension 'colcon_core.shell.bat': Not used on non-Windows systems
[0.515s] INFO:colcon.colcon_core.shell:Skip shell extension 'powershell' for command environment: Not usable outside of PowerShell
[0.515s] DEBUG:colcon.colcon_core.shell:Skip shell extension 'dsv' for command environment
[0.532s] DEBUG:colcon.colcon_core.event_handler.log_command:Invoking command in '/home/rhys/ros2_ws/src/tut9/build/tut9': CMAKE_PREFIX_PATH=${CMAKE_PREFIX_PATH}:/home/rhys/ros2_ws/install/unit01_simulation_gazebo_world:/home/rhys/ros2_ws/install/turtlebot3_teleop:/home/rhys/ros2_ws/install/turtlebot3_example:/opt/ros/humble /usr/bin/cmake --build /home/rhys/ros2_ws/src/tut9/build/tut9 -- -j16 -l16
[5.894s] DEBUG:colcon.colcon_core.event_handler.log_command:Invoked command in '/home/rhys/ros2_ws/src/tut9/build/tut9' returned '0': CMAKE_PREFIX_PATH=${CMAKE_PREFIX_PATH}:/home/rhys/ros2_ws/install/unit01_simulation_gazebo_world:/home/rhys/ros2_ws/install/turtlebot3_teleop:/home/rhys/ros2_ws/install/turtlebot3_example:/opt/ros/humble /usr/bin/cmake --build /home/rhys/ros2_ws/src/tut9/build/tut9 -- -j16 -l16
[5.955s] DEBUG:colcon.colcon_core.event_handler.log_command:Invoking command in '/home/rhys/ros2_ws/src/tut9/build/tut9': CMAKE_PREFIX_PATH=${CMAKE_PREFIX_PATH}:/home/rhys/ros2_ws/install/unit01_simulation_gazebo_world:/home/rhys/ros2_ws/install/turtlebot3_teleop:/home/rhys/ros2_ws/install/turtlebot3_example:/opt/ros/humble /usr/bin/cmake --install /home/rhys/ros2_ws/src/tut9/build/tut9
[5.969s] Level 1:colcon.colcon_core.environment:create_environment_scripts_only(tut9)
[5.970s] DEBUG:colcon.colcon_core.event_handler.log_command:Invoked command in '/home/rhys/ros2_ws/src/tut9/build/tut9' returned '0': CMAKE_PREFIX_PATH=${CMAKE_PREFIX_PATH}:/home/rhys/ros2_ws/install/unit01_simulation_gazebo_world:/home/rhys/ros2_ws/install/turtlebot3_teleop:/home/rhys/ros2_ws/install/turtlebot3_example:/opt/ros/humble /usr/bin/cmake --install /home/rhys/ros2_ws/src/tut9/build/tut9
[5.974s] Level 1:colcon.colcon_core.environment:checking '/home/rhys/ros2_ws/src/tut9/install/tut9' for CMake module files
[5.975s] Level 1:colcon.colcon_core.environment:checking '/home/rhys/ros2_ws/src/tut9/install/tut9' for CMake config files
[5.975s] Level 1:colcon.colcon_core.shell:create_environment_hook('tut9', 'cmake_prefix_path')
[5.975s] INFO:colcon.colcon_core.shell:Creating environment hook '/home/rhys/ros2_ws/src/tut9/install/tut9/share/tut9/hook/cmake_prefix_path.ps1'
[5.976s] INFO:colcon.colcon_core.shell:Creating environment descriptor '/home/rhys/ros2_ws/src/tut9/install/tut9/share/tut9/hook/cmake_prefix_path.dsv'
[5.977s] INFO:colcon.colcon_core.shell:Creating environment hook '/home/rhys/ros2_ws/src/tut9/install/tut9/share/tut9/hook/cmake_prefix_path.sh'
[5.978s] Level 1:colcon.colcon_core.environment:checking '/home/rhys/ros2_ws/src/tut9/install/tut9/lib'
[5.978s] Level 1:colcon.colcon_core.environment:checking '/home/rhys/ros2_ws/src/tut9/install/tut9/bin'
[5.979s] Level 1:colcon.colcon_core.environment:checking '/home/rhys/ros2_ws/src/tut9/install/tut9/lib/pkgconfig/tut9.pc'
[5.979s] Level 1:colcon.colcon_core.environment:checking '/home/rhys/ros2_ws/src/tut9/install/tut9/lib/python3.10/site-packages'
[5.979s] Level 1:colcon.colcon_core.environment:checking '/home/rhys/ros2_ws/src/tut9/install/tut9/bin'
[5.980s] INFO:colcon.colcon_core.shell:Creating package script '/home/rhys/ros2_ws/src/tut9/install/tut9/share/tut9/package.ps1'
[5.981s] INFO:colcon.colcon_core.shell:Creating package descriptor '/home/rhys/ros2_ws/src/tut9/install/tut9/share/tut9/package.dsv'
[5.982s] INFO:colcon.colcon_core.shell:Creating package script '/home/rhys/ros2_ws/src/tut9/install/tut9/share/tut9/package.sh'
[5.983s] INFO:colcon.colcon_core.shell:Creating package script '/home/rhys/ros2_ws/src/tut9/install/tut9/share/tut9/package.bash'
[5.984s] INFO:colcon.colcon_core.shell:Creating package script '/home/rhys/ros2_ws/src/tut9/install/tut9/share/tut9/package.zsh'
[5.985s] Level 1:colcon.colcon_core.environment:create_file_with_runtime_dependencies(/home/rhys/ros2_ws/src/tut9/install/tut9/share/colcon-core/packages/tut9)
[6.029s] Level 1:colcon.colcon_core.environment:create_environment_scripts_only(tut9)
[6.029s] Level 1:colcon.colcon_core.environment:checking '/home/rhys/ros2_ws/src/tut9/install/tut9' for CMake module files
[6.030s] Level 1:colcon.colcon_core.environment:checking '/home/rhys/ros2_ws/src/tut9/install/tut9' for CMake config files
[6.030s] Level 1:colcon.colcon_core.shell:create_environment_hook('tut9', 'cmake_prefix_path')
[6.031s] INFO:colcon.colcon_core.shell:Creating environment hook '/home/rhys/ros2_ws/src/tut9/install/tut9/share/tut9/hook/cmake_prefix_path.ps1'
[6.032s] INFO:colcon.colcon_core.shell:Creating environment descriptor '/home/rhys/ros2_ws/src/tut9/install/tut9/share/tut9/hook/cmake_prefix_path.dsv'
[6.032s] INFO:colcon.colcon_core.shell:Creating environment hook '/home/rhys/ros2_ws/src/tut9/install/tut9/share/tut9/hook/cmake_prefix_path.sh'
[6.033s] Level 1:colcon.colcon_core.environment:checking '/home/rhys/ros2_ws/src/tut9/install/tut9/lib'
[6.033s] Level 1:colcon.colcon_core.environment:checking '/home/rhys/ros2_ws/src/tut9/install/tut9/bin'
[6.033s] Level 1:colcon.colcon_core.environment:checking '/home/rhys/ros2_ws/src/tut9/install/tut9/lib/pkgconfig/tut9.pc'
[6.034s] Level 1:colcon.colcon_core.environment:checking '/home/rhys/ros2_ws/src/tut9/install/tut9/lib/python3.10/site-packages'
[6.034s] Level 1:colcon.colcon_core.environment:checking '/home/rhys/ros2_ws/src/tut9/install/tut9/bin'
[6.034s] INFO:colcon.colcon_core.shell:Creating package script '/home/rhys/ros2_ws/src/tut9/install/tut9/share/tut9/package.ps1'
[6.035s] INFO:colcon.colcon_core.shell:Creating package descriptor '/home/rhys/ros2_ws/src/tut9/install/tut9/share/tut9/package.dsv'
[6.035s] INFO:colcon.colcon_core.shell:Creating package script '/home/rhys/ros2_ws/src/tut9/install/tut9/share/tut9/package.sh'
[6.036s] INFO:colcon.colcon_core.shell:Creating package script '/home/rhys/ros2_ws/src/tut9/install/tut9/share/tut9/package.bash'
[6.036s] INFO:colcon.colcon_core.shell:Creating package script '/home/rhys/ros2_ws/src/tut9/install/tut9/share/tut9/package.zsh'
[6.037s] Level 1:colcon.colcon_core.environment:create_file_with_runtime_dependencies(/home/rhys/ros2_ws/src/tut9/install/tut9/share/colcon-core/packages/tut9)
[6.037s] DEBUG:colcon.colcon_parallel_executor.executor.parallel:closing loop
[6.037s] DEBUG:colcon.colcon_parallel_executor.executor.parallel:loop closed
[6.037s] DEBUG:colcon.colcon_parallel_executor.executor.parallel:run_until_complete finished with '0'
[6.038s] DEBUG:colcon.colcon_core.event_reactor:joining thread
[6.044s] INFO:colcon.colcon_core.plugin_system:Skipping extension 'colcon_notification.desktop_notification.terminal_notifier': Not used on non-Darwin systems
[6.045s] INFO:colcon.colcon_core.plugin_system:Skipping extension 'colcon_notification.desktop_notification.win32': Not used on non-Windows systems
[6.045s] INFO:colcon.colcon_notification.desktop_notification:Sending desktop notification using 'notify2'
[6.058s] DEBUG:colcon.colcon_core.event_reactor:joined thread
[6.059s] INFO:colcon.colcon_core.shell:Creating prefix script '/home/rhys/ros2_ws/src/tut9/install/local_setup.ps1'
[6.060s] INFO:colcon.colcon_core.shell:Creating prefix util module '/home/rhys/ros2_ws/src/tut9/install/_local_setup_util_ps1.py'
[6.062s] INFO:colcon.colcon_core.shell:Creating prefix chain script '/home/rhys/ros2_ws/src/tut9/install/setup.ps1'
[6.065s] INFO:colcon.colcon_core.shell:Creating prefix script '/home/rhys/ros2_ws/src/tut9/install/local_setup.sh'
[6.065s] INFO:colcon.colcon_core.shell:Creating prefix util module '/home/rhys/ros2_ws/src/tut9/install/_local_setup_util_sh.py'
[6.066s] INFO:colcon.colcon_core.shell:Creating prefix chain script '/home/rhys/ros2_ws/src/tut9/install/setup.sh'
[6.068s] INFO:colcon.colcon_core.shell:Creating prefix script '/home/rhys/ros2_ws/src/tut9/install/local_setup.bash'
[6.069s] INFO:colcon.colcon_core.shell:Creating prefix chain script '/home/rhys/ros2_ws/src/tut9/install/setup.bash'
[6.071s] INFO:colcon.colcon_core.shell:Creating prefix script '/home/rhys/ros2_ws/src/tut9/install/local_setup.zsh'
[6.071s] INFO:colcon.colcon_core.shell:Creating prefix chain script '/home/rhys/ros2_ws/src/tut9/install/setup.zsh'
